timestamp: 2014-05-29T17:45:05.406320
CREATE TABLE clientes(
    id INTEGER PRIMARY KEY AUTOINCREMENT,
    nombre CHAR(512),
    apellido CHAR(512),
    domicilio CHAR(512),
    telefono INTEGER
);
success!
timestamp: 2014-05-29T17:45:05.542481
CREATE TABLE establecimientos(
    id INTEGER PRIMARY KEY AUTOINCREMENT,
    nombre CHAR(512),
    cliente INTEGER REFERENCES clientes (id) ON DELETE CASCADE,
    domicilio CHAR(512),
    localidad CHAR(512),
    telefono CHAR(512),
    rubro CHAR(512),
    superficie CHAR(512)
);
success!
timestamp: 2014-05-29T17:45:05.752783
CREATE TABLE fumigadores(
    id INTEGER PRIMARY KEY AUTOINCREMENT,
    nombre CHAR(512),
    apellido CHAR(512),
    domicilio CHAR(512),
    telefono CHAR(512),
    foto CHAR(512)
);
success!
timestamp: 2014-05-29T17:45:05.921620
CREATE TABLE certificados(
    id INTEGER PRIMARY KEY AUTOINCREMENT,
    numero CHAR(512),
    establecimiento INTEGER REFERENCES establecimientos (id) ON DELETE CASCADE,
    tratamiento CHAR(512),
    vectTrat CHAR(512),
    drogaUsada CHAR(512),
    venenoClase CHAR(512),
    fFumigacion DATE,
    hora TIME,
    fVencimiento DATE,
    fumigador INTEGER REFERENCES fumigadores (id) ON DELETE CASCADE,
    observaciones CHAR(512)
);
success!
timestamp: 2014-05-29T18:44:48.883054
CREATE TABLE cobros(
    id INTEGER PRIMARY KEY AUTOINCREMENT,
    certificado INTEGER REFERENCES certificados (id) ON DELETE CASCADE,
    importe DOUBLE,
    saldo DOUBLE,
    cancelado CHAR(1)
);
success!
timestamp: 2014-06-01T03:13:48.400916
CREATE TABLE auth_user(
    id INTEGER PRIMARY KEY AUTOINCREMENT,
    first_name CHAR(128),
    last_name CHAR(128),
    email CHAR(512),
    password CHAR(512),
    registration_key CHAR(512),
    reset_password_key CHAR(512),
    registration_id CHAR(512)
);
success!
timestamp: 2014-06-01T03:37:58.236399
ALTER TABLE auth_user ADD username CHAR(128);
success!
timestamp: 2014-06-01T03:38:22.846143
CREATE TABLE auth_group(
    id INTEGER PRIMARY KEY AUTOINCREMENT,
    role CHAR(512),
    description TEXT
);
success!
timestamp: 2014-06-01T03:38:23.419469
CREATE TABLE auth_event(
    id INTEGER PRIMARY KEY AUTOINCREMENT,
    time_stamp TIMESTAMP,
    client_ip CHAR(512),
    user_id INTEGER REFERENCES auth_user (id) ON DELETE CASCADE,
    origin CHAR(512),
    description TEXT
);
success!
timestamp: 2014-06-01T03:38:23.788537
CREATE TABLE auth_membership(
    id INTEGER PRIMARY KEY AUTOINCREMENT,
    user_id INTEGER REFERENCES auth_user (id) ON DELETE CASCADE,
    group_id INTEGER REFERENCES auth_group (id) ON DELETE CASCADE
);
success!
timestamp: 2014-06-06T10:16:51.099905
CREATE TABLE adicionales(
    id INTEGER PRIMARY KEY AUTOINCREMENT,
    certificado INTEGER REFERENCES certificados (id) ON DELETE CASCADE,
    antidoto CHAR(512),
    recomendaciones CHAR(512),
    observaciones CHAR(512)
);
success!
success!
success!
success!
success!
success!
success!
success!
success!
success!
success!
success!
success!
success!
success!
success!
success!
success!
success!
success!
success!
success!
success!
success!
success!
success!
success!
success!
success!
success!
success!
success!
success!
success!
success!
success!
success!
success!
success!
success!
success!
success!
success!
success!
success!
success!
success!
success!
success!
success!
success!
success!
success!
success!
success!
success!
success!
success!
success!
success!
success!
success!
success!
success!
success!
success!
success!
success!
success!
success!
success!
success!
success!
success!
success!
success!
success!
success!
success!
success!
success!
success!
success!
success!
success!
success!
success!
success!
success!
success!
success!
success!
success!
success!
success!
success!
success!
success!
success!
success!
success!
success!
success!
success!
success!
success!
success!
success!
success!
success!
success!
success!
success!
success!
success!
success!
success!
success!
success!
success!
success!
success!
success!
success!
success!
success!
success!
success!
success!
success!
success!
success!
success!
success!
success!
success!
success!
success!
success!
success!
success!
success!
success!
success!
success!
success!
success!
success!
success!
success!
success!
success!
success!
success!
success!
success!
success!
success!
success!
success!
success!
success!
success!
success!
success!
success!
success!
success!
success!
success!
success!
success!
success!
success!
success!
success!
success!
success!
success!
success!
success!
success!
success!
success!
success!
success!
success!
success!
success!
success!
success!
success!
success!
success!
success!
success!
success!
success!
success!
success!
success!
success!
success!
success!
success!
success!
success!
success!
success!
success!
success!
success!
success!
success!
success!
success!
success!
success!
success!
success!
success!
success!
success!
success!
success!
success!
success!
success!
success!
success!
success!
success!
success!
success!
success!
success!
success!
success!
success!
success!
success!
success!
success!
success!
success!
success!
success!
success!
success!
success!
success!
success!
success!
success!
success!
success!
success!
success!
success!
success!
success!
success!
success!
success!
success!
success!
success!
success!
success!
success!
success!
success!
success!
success!
success!
success!
success!
success!
success!
success!
success!
success!
success!
success!
success!
success!
success!
success!
success!
success!
success!
success!
success!
success!
success!
success!
success!
success!
success!
success!
success!
success!
success!
success!
success!
success!
success!
success!
success!
success!
success!
success!
success!
success!
success!
success!
success!
success!
success!
success!
success!
success!
success!
success!
success!
success!
success!
success!
success!
success!
success!
success!
success!
success!
success!
success!
success!
success!
success!
success!
success!
success!
success!
success!
success!
success!
success!
success!
success!
success!
success!
success!
success!
success!
success!
success!
success!
success!
success!
success!
success!
success!
success!
success!
success!
success!
success!
success!
success!
success!
success!
success!
success!
success!
success!
success!
success!
success!
success!
success!
success!
success!
success!
success!
success!
success!
success!
success!
success!
success!
success!
success!
success!
success!
success!
success!
success!
success!
success!
success!
success!
success!
success!
success!
success!
success!
success!
success!
success!
success!
success!
success!
success!
success!
success!
success!
success!
success!
success!
success!
success!
success!
success!
success!
success!
success!
success!
success!
success!
success!
success!
success!
success!
success!
success!
success!
success!
success!
success!
success!
success!
success!
success!
success!
success!
success!
success!
success!
success!
success!
success!
success!
success!
success!
success!
success!
success!
success!
success!
success!
success!
success!
success!
success!
timestamp: 2014-06-13T16:46:00.561210
ALTER TABLE cobros ADD apagar DOUBLE;
success!
success!
success!
success!
success!
success!
success!
success!
success!
success!
success!
success!
success!
success!
success!
success!
timestamp: 2014-06-13T16:50:03.003137
ALTER TABLE cobros ADD pagado DOUBLE;
success!
success!
success!
success!
success!
success!
success!
success!
success!
success!
success!
success!
success!
success!
success!
success!
success!
success!
success!
success!
success!
success!
success!
success!
success!
success!
success!
success!
success!
success!
success!
success!
success!
success!
success!
success!
success!
success!
success!
success!
success!
success!
success!
success!
success!
success!
success!
success!
success!
success!
success!
success!
success!
success!
success!
success!
success!
success!
success!
success!
success!
success!
success!
success!
success!
success!
success!
success!
success!
success!
success!
success!
success!
success!
success!
success!
success!
success!
success!
success!
success!
success!
success!
success!
success!
success!
success!
success!
success!
success!
success!
success!
success!
success!
success!
success!
success!
success!
success!
success!
success!
success!
success!
success!
success!
success!
success!
success!
success!
success!
success!
success!
<<<<<<< HEAD
=======
success!
success!
success!
success!
success!
success!
success!
success!
success!
success!
success!
success!
success!
success!
success!
success!
success!
success!
success!
success!
success!
success!
success!
success!
success!
success!
success!
success!
success!
success!
success!
success!
success!
success!
success!
success!
success!
success!
success!
>>>>>>> 33dd41dc0c8003e5c0680558706e625e95c95967
success!
success!
success!
success!
success!
success!
success!
success!
success!
success!
success!
success!
success!
success!
success!
success!
success!
success!
success!
success!
success!
success!
success!
success!
success!
success!
success!
success!
success!
success!
success!
success!
success!
success!
success!
success!
timestamp: 2014-06-21T01:46:50.650789
ALTER TABLE cobros ADD pago CHAR(512);
success!
success!
success!
success!
success!
success!
success!
success!
success!
success!
success!
success!
success!
success!
success!
success!
success!
success!
success!
success!
success!
success!
success!
success!
success!
success!
success!
success!
success!
success!
success!
success!
success!
success!
success!
success!
success!
success!
success!
success!
success!
success!
success!
success!
success!
success!
success!
success!
success!
success!
success!
success!
success!
success!
success!
success!
success!
success!
success!
success!
success!
success!
success!
success!
success!
success!
success!
success!
success!
success!
success!
success!
success!
success!
success!
success!
success!
success!
success!
success!
success!
success!
success!
success!
success!
success!
success!
success!
success!
success!
success!
success!
success!
success!
success!
success!
success!
success!
success!
success!
success!
success!
success!
success!
success!
success!
success!
success!
success!
success!
success!
success!
success!
success!
success!
success!
success!
success!
success!
success!
success!
success!
success!
success!
success!
success!
success!
success!
success!
success!
success!
success!
success!
success!
success!
success!
success!
success!
success!
success!
success!
success!
success!
success!
success!
success!
success!
success!
success!
success!
success!
success!
success!
success!
success!
success!
success!
success!
success!
success!
success!
success!
success!
success!
success!
success!
success!
success!
success!
success!
success!
success!
success!
success!
success!
success!
success!
success!
success!
success!
success!
success!
success!
success!
success!
success!
success!
success!
success!
success!
success!
success!
success!
success!
success!
success!
success!
success!
success!
success!
success!
success!
success!
success!
success!
success!
success!
success!
success!
success!
success!
success!
success!
success!
success!
success!
success!
success!
success!
success!
success!
success!
success!
success!
success!
success!
success!
success!
success!
success!
success!
success!
success!
success!
success!
success!
success!
success!
success!
success!
success!
success!
success!
success!
success!
success!
success!
success!
success!
success!
success!
success!
success!
success!
success!
success!
success!
success!
success!
success!
success!
success!
success!
success!
success!
success!
success!
success!
success!
success!
success!
success!
success!
success!
success!
success!
success!
success!
success!
success!
success!
success!
success!
success!
success!
success!
success!
success!
success!
success!
success!
success!
success!
success!
success!
success!
success!
success!
success!
success!
success!
success!
success!
success!
success!
success!
success!
success!
success!
success!
success!
success!
success!
success!
success!
success!
success!
success!
success!
success!
success!
success!
success!
success!
success!
success!
success!
success!
success!
success!
success!
success!
success!
success!
success!
success!
success!
success!
success!
success!
success!
success!
success!
success!
success!
success!
success!
success!
success!
success!
success!
success!
success!
success!
success!
success!
success!
success!
success!
success!
success!
success!
success!
success!
success!
success!
success!
success!
success!
success!
success!
success!
success!
success!
success!
success!
success!
success!
success!
success!
success!
success!
success!
success!
success!
success!
success!
success!
success!
success!
success!
success!
success!
success!
success!
success!
success!
success!
success!
success!
success!
success!
success!
success!
success!
success!
success!
success!
success!
success!
success!
success!
success!
success!
success!
success!
success!
success!
success!
success!
success!
success!
success!
success!
success!
success!
success!
success!
success!
success!
success!
success!
success!
success!
success!
success!
success!
success!
success!
success!
success!
success!
success!
success!
success!
success!
success!
success!
success!
success!
success!
success!
success!
success!
success!
success!
success!
success!
success!
success!
success!
success!
success!
success!
success!
success!
success!
success!
success!
success!
success!
success!
success!
success!
success!
success!
success!
success!
success!
success!
success!
success!
success!
success!
success!
success!
success!
success!
success!
success!
success!
success!
success!
success!
success!
success!
success!
success!
success!
success!
success!
success!
success!
success!
success!
success!
success!
success!
success!
success!
success!
success!
success!
success!
success!
success!
success!
success!
success!
success!
success!
success!
success!
success!
success!
success!
success!
success!
success!
success!
success!
success!
success!
success!
success!
success!
success!
success!
success!
success!
success!
success!
success!
success!
success!
success!
success!
success!
success!
success!
success!
success!
success!
success!
success!
success!
success!
success!
success!
success!
success!
success!
success!
success!
success!
success!
success!
success!
success!
success!
success!
success!
success!
success!
success!
success!
success!
success!
success!
success!
success!
success!
success!
success!
success!
success!
success!
success!
success!
success!
success!
success!
success!
success!
success!
success!
success!
success!
success!
success!
success!
success!
success!
success!
success!
success!
success!
success!
success!
success!
success!
success!
success!
success!
success!
success!
success!
success!
success!
success!
success!
success!
success!
success!
success!
success!
success!
success!
success!
success!
success!
success!
success!
success!
success!
success!
success!
success!
success!
success!
success!
success!
success!
success!
success!
success!
success!
success!
success!
success!
success!
success!
success!
success!
success!
success!
success!
success!
success!
success!
success!
success!
success!
success!
success!
success!
success!
success!
success!
success!
success!
success!
success!
success!
success!
success!
success!
success!
success!
success!
success!
success!
success!
success!
success!
success!
success!
success!
success!
success!
success!
success!
success!
success!
success!
success!
success!
success!
success!
success!
success!
success!
success!
success!
success!
success!
success!
success!
success!
success!
success!
success!
success!
success!
success!
success!
success!
success!
success!
success!
success!
success!
success!
success!
success!
success!
success!
success!
success!
success!
success!
success!
success!
success!
success!
success!
success!
success!
success!
success!
success!
success!
success!
success!
success!
success!
success!
success!
success!
success!
success!
success!
success!
success!
success!
success!
success!
success!
success!
success!
success!
success!
success!
success!
success!
success!
success!
success!
success!
success!
success!
success!
success!
success!
success!
success!
success!
success!
success!
success!
success!
success!
success!
success!
success!
success!
success!
success!
success!
success!
success!
success!
success!
success!
success!
success!
success!
success!
success!
success!
success!
success!
success!
success!
success!
success!
success!
success!
success!
success!
success!
success!
success!
success!
success!
success!
success!
success!
success!
success!
success!
success!
success!
success!
success!
success!
success!
success!
success!
success!
success!
success!
success!
success!
success!
success!
success!
success!
success!
success!
success!
success!
success!
success!
success!
success!
success!
success!
success!
success!
success!
success!
success!
success!
success!
success!
success!
success!
success!
success!
success!
success!
success!
success!
success!
success!
success!
success!
success!
success!
success!
success!
success!
success!
success!
success!
success!
success!
success!
success!
success!
success!
success!
success!
success!
success!
success!
success!
success!
success!
success!
success!
success!
success!
success!
success!
success!
success!
success!
success!
success!
success!
success!
success!
success!
success!
success!
success!
success!
success!
success!
success!
success!
success!
success!
success!
success!
success!
success!
success!
success!
success!
success!
success!
success!
success!
success!
success!
success!
success!
success!
success!
success!
success!
success!
success!
success!
success!
success!
success!
success!
success!
success!
success!
success!
success!
success!
success!
success!
success!
success!
success!
success!
success!
success!
success!
success!
success!
success!
success!
success!
success!
success!
success!
success!
success!
success!
success!
success!
success!
success!
success!
success!
success!
success!
success!
success!
success!
success!
success!
success!
success!
success!
success!
success!
success!
success!
success!
success!
success!
success!
success!
success!
success!
success!
success!
success!
success!
success!
success!
success!
success!
success!
success!
success!
success!
success!
success!
success!
success!
success!
success!
success!
success!
success!
success!
success!
success!
success!
success!
success!
success!
success!
success!
success!
success!
success!
success!
success!
success!
success!
success!
success!
success!
success!
success!
success!
success!
success!
success!
success!
success!
success!
